[    1426ms] [INFO] %cDownload the React DevTools for a better development experience: https://react.dev/link/react-devtools font-weight:bold @ http://localhost:3000/_next/static/chunks/node_modules_next_dist_f3530cac._.js:2297
[    1450ms] [LOG] [HMR] connected @ http://localhost:3000/_next/static/chunks/node_modules_next_dist_f3530cac._.js:2297
[   63265ms] [ERROR] Failed to load resource: net::ERR_CONNECTION_REFUSED @ http://localhost:3000/ordenes-venta/nueva?_rsc=9958a:0
[   63266ms] [ERROR] Failed to fetch RSC payload for http://localhost:3000/ordenes-venta/nueva. Falling back to browser navigation. TypeError: Failed to fetch
    at createFetch (http://localhost:3000/_next/static/chunks/node_modules_next_dist_client_17643121._.js:2588:24)
    at fetchServerResponse (http://localhost:3000/_next/static/chunks/node_modules_next_dist_client_17643121._.js:2490:27)
    at navigateDynamicallyWithNoPrefetch (http://localhost:3000/_next/static/chunks/node_modules_next_dist_client_17643121._.js:7943:90)
    at navigate (http://localhost:3000/_next/static/chunks/node_modules_next_dist_client_17643121._.js:7728:15)
    at navigateReducer (http://localhost:3000/_next/static/chunks/node_modules_next_dist_client_17643121._.js:8239:45)
    at clientReducer (http://localhost:3000/_next/static/chunks/node_modules_next_dist_client_17643121._.js:9065:61)
    at Object.action (http://localhost:3000/_next/static/chunks/node_modules_next_dist_client_17643121._.js:9310:55)
    at runAction (http://localhost:3000/_next/static/chunks/node_modules_next_dist_client_17643121._.js:9215:38)
    at dispatchAction (http://localhost:3000/_next/static/chunks/node_modules_next_dist_client_17643121._.js:9278:9)
    at Object.dispatch (http://localhost:3000/_next/static/chunks/node_modules_next_dist_client_17643121._.js:9308:40)
    at http://localhost:3000/_next/static/chunks/node_modules_next_dist_client_17643121._.js:1489:29
    at startTransition (http://localhost:3000/_next/static/chunks/node_modules_next_dist_compiled_react-dom_1e674e59._.js:5500:31)
    at dispatch (http://localhost:3000/_next/static/chunks/node_modules_next_dist_client_17643121._.js:1488:13)
    at dispatchAppRouterAction (http://localhost:3000/_next/static/chunks/node_modules_next_dist_client_17643121._.js:1470:5)
    at dispatchNavigateAction (http://localhost:3000/_next/static/chunks/node_modules_next_dist_client_17643121._.js:9362:49)
    at http://localhost:3000/_next/static/chunks/node_modules_2148a240._.js:844:13
    at Object.startTransition (http://localhost:3000/_next/static/chunks/node_modules_next_dist_compiled_a0e4c7b4._.js:1279:31)
    at linkClicked (http://localhost:3000/_next/static/chunks/node_modules_2148a240._.js:843:24)
    at onClick (http://localhost:3000/_next/static/chunks/node_modules_2148a240._.js:1084:13)
    at executeDispatch (http://localhost:3000/_next/static/chunks/node_modules_next_dist_compiled_react-dom_1e674e59._.js:10314:13)
    at runWithFiberInDEV (http://localhost:3000/_next/static/chunks/node_modules_next_dist_compiled_react-dom_1e674e59._.js:965:74)
    at processDispatchQueue (http://localhost:3000/_next/static/chunks/node_modules_next_dist_compiled_react-dom_1e674e59._.js:10340:41)
    at http://localhost:3000/_next/static/chunks/node_modules_next_dist_compiled_react-dom_1e674e59._.js:10615:13
    at batchedUpdates$1 (http://localhost:3000/_next/static/chunks/node_modules_next_dist_compiled_react-dom_1e674e59._.js:2253:44)
    at dispatchEventForPluginEventSystem (http://localhost:3000/_next/static/chunks/node_modules_next_dist_compiled_react-dom_1e674e59._.js:10416:9)
    at dispatchEvent (http://localhost:3000/_next/static/chunks/node_modules_next_dist_compiled_react-dom_1e674e59._.js:12935:37)
    at dispatchDiscreteEvent (http://localhost:3000/_next/static/chunks/node_modules_next_dist_compiled_react-dom_1e674e59._.js:12917:64) @ http://localhost:3000/_next/static/chunks/node_modules_next_dist_f3530cac._.js:3127
[   63281ms] [ERROR] Failed to load resource: net::ERR_CONNECTION_REFUSED @ http://localhost:3000/__nextjs_original-stack-frames:0
