[    1298ms] [INFO] %cDownload the React DevTools for a better development experience: https://react.dev/link/react-devtools font-weight:bold @ http://localhost:3000/_next/static/chunks/node_modules_next_dist_f3530cac._.js:2297
[    1318ms] [LOG] [HMR] connected @ http://localhost:3000/_next/static/chunks/node_modules_next_dist_f3530cac._.js:2297
[  320909ms] [LOG] [Fast Refresh] rebuilding @ http://localhost:3000/_next/static/chunks/node_modules_next_dist_f3530cac._.js:2297
[  321217ms] [LOG] [Fast Refresh] done in 397ms @ http://localhost:3000/_next/static/chunks/node_modules_next_dist_f3530cac._.js:2297
[  322854ms] [LOG] [Fast Refresh] rebuilding @ http://localhost:3000/_next/static/chunks/node_modules_next_dist_f3530cac._.js:2297
[  322889ms] [LOG] [Fast Refresh] done in 136ms @ http://localhost:3000/_next/static/chunks/node_modules_next_dist_f3530cac._.js:2297
[  331466ms] [LOG] [Fast Refresh] rebuilding @ http://localhost:3000/_next/static/chunks/node_modules_next_dist_f3530cac._.js:2297
[  331500ms] [LOG] [Fast Refresh] done in 119ms @ http://localhost:3000/_next/static/chunks/node_modules_next_dist_f3530cac._.js:2297
[  336345ms] [LOG] [Fast Refresh] rebuilding @ http://localhost:3000/_next/static/chunks/node_modules_next_dist_f3530cac._.js:2297
[  336591ms] [LOG] [Fast Refresh] done in 303ms @ http://localhost:3000/_next/static/chunks/node_modules_next_dist_f3530cac._.js:2297
[  343191ms] [LOG] [Fast Refresh] rebuilding @ http://localhost:3000/_next/static/chunks/node_modules_next_dist_f3530cac._.js:2297
[  343236ms] [LOG] [Fast Refresh] done in 129ms @ http://localhost:3000/_next/static/chunks/node_modules_next_dist_f3530cac._.js:2297
[  350734ms] [LOG] [Fast Refresh] rebuilding @ http://localhost:3000/_next/static/chunks/node_modules_next_dist_f3530cac._.js:2297
[  350791ms] [LOG] [Fast Refresh] done in 159ms @ http://localhost:3000/_next/static/chunks/node_modules_next_dist_f3530cac._.js:2297
[  356514ms] [LOG] [Fast Refresh] rebuilding @ http://localhost:3000/_next/static/chunks/node_modules_next_dist_f3530cac._.js:2297
[  356713ms] [LOG] [Fast Refresh] done in 277ms @ http://localhost:3000/_next/static/chunks/node_modules_next_dist_f3530cac._.js:2297
[  362281ms] [LOG] [Fast Refresh] rebuilding @ http://localhost:3000/_next/static/chunks/node_modules_next_dist_f3530cac._.js:2297
[  362386ms] [LOG] [Fast Refresh] done in 193ms @ http://localhost:3000/_next/static/chunks/node_modules_next_dist_f3530cac._.js:2297
[ 1049458ms] [LOG] [Fast Refresh] rebuilding @ http://localhost:3000/_next/static/chunks/node_modules_next_dist_f3530cac._.js:2297
[ 1049746ms] [LOG] [Fast Refresh] done in 375ms @ http://localhost:3000/_next/static/chunks/node_modules_next_dist_f3530cac._.js:2297
[ 1051430ms] [LOG] [Fast Refresh] rebuilding @ http://localhost:3000/_next/static/chunks/node_modules_next_dist_f3530cac._.js:2297
[ 1051667ms] [LOG] [Fast Refresh] done in 338ms @ http://localhost:3000/_next/static/chunks/node_modules_next_dist_f3530cac._.js:2297
[ 1836155ms] [LOG] [Fast Refresh] rebuilding @ http://localhost:3000/_next/static/chunks/node_modules_next_dist_f3530cac._.js:2297
[ 1836342ms] [LOG] [Fast Refresh] done in 293ms @ http://localhost:3000/_next/static/chunks/node_modules_next_dist_f3530cac._.js:2297
[ 1837651ms] [LOG] [Fast Refresh] rebuilding @ http://localhost:3000/_next/static/chunks/node_modules_next_dist_f3530cac._.js:2297
[ 1837710ms] [LOG] [Fast Refresh] done in 159ms @ http://localhost:3000/_next/static/chunks/node_modules_next_dist_f3530cac._.js:2297
[ 2195293ms] [LOG] [Fast Refresh] rebuilding @ http://localhost:3000/_next/static/chunks/node_modules_next_dist_f3530cac._.js:2297
[ 2196373ms] [ERROR] ./src/app/(main)/productos/page.tsx:8:1
Export getTipoServicioAtributos doesn't exist in target module
   6 | import { getMateriales } from '@/features/materiales/services/materiales-actions'
   7 | import { getMarcas } from '@/features/configuracion/services/marcas-actions'
>  8 | import { getTipoServicioAtributos, getServiciosEjecutores } from '@/features/servicios/services/servicios-actions'
     | ^^^^^^^^^^^^^^^^^^^^^^^^^^^^^^^^^^^^^^^^^^^^^^^^^^^^^^^^^^^^^^^^^^^^^^^^^^^^^^^^^^^^^^^^^^^^^^^^^^^^^^^^^^^^^^^^^^
   9 | import { ProductosPanel } from '@/features/productos/components/productos-panel'
  10 | import { MaterialesPanel } from '@/features/materiales/components/materiales-panel'
  11 | import { ProductosTabs } from '@/features/productos/components/productos-tabs'

The export getTipoServicioAtributos was not found in module [project]/src/features/servicios/services/servicios-actions.ts [app-rsc] (ecmascript).
Did you mean to import getServiciosOperativos?
All exports of the module are statically known (It doesn't have dynamic exports). So it's known statically that the requested export doesn't exist. @ http://localhost:3000/_next/static/chunks/node_modules_next_dist_f3530cac._.js:3127
[ 2201436ms] [LOG] [Fast Refresh] rebuilding @ http://localhost:3000/_next/static/chunks/node_modules_next_dist_f3530cac._.js:2297
[ 2201441ms] [ERROR] ./src/app/(main)/productos/page.tsx:8:1
Export getTipoServicioAtributos doesn't exist in target module
   6 | import { getMateriales } from '@/features/materiales/services/materiales-actions'
   7 | import { getMarcas } from '@/features/configuracion/services/marcas-actions'
>  8 | import { getTipoServicioAtributos, getServiciosEjecutores } from '@/features/servicios/services/servicios-actions'
     | ^^^^^^^^^^^^^^^^^^^^^^^^^^^^^^^^^^^^^^^^^^^^^^^^^^^^^^^^^^^^^^^^^^^^^^^^^^^^^^^^^^^^^^^^^^^^^^^^^^^^^^^^^^^^^^^^^^
   9 | import { ProductosPanel } from '@/features/productos/components/productos-panel'
  10 | import { MaterialesPanel } from '@/features/materiales/components/materiales-panel'
  11 | import { ProductosTabs } from '@/features/productos/components/productos-tabs'

The export getTipoServicioAtributos was not found in module [project]/src/features/servicios/services/servicios-actions.ts [app-rsc] (ecmascript).
Did you mean to import getServiciosOperativos?
All exports of the module are statically known (It doesn't have dynamic exports). So it's known statically that the requested export doesn't exist. @ http://localhost:3000/_next/static/chunks/node_modules_next_dist_f3530cac._.js:3127
[ 2208050ms] [LOG] [Fast Refresh] rebuilding @ http://localhost:3000/_next/static/chunks/node_modules_next_dist_f3530cac._.js:2297
[ 2208256ms] [ERROR] ./src/app/(main)/productos/page.tsx:8:1
Export getTipoServicioAtributos doesn't exist in target module
   6 | import { getMateriales } from '@/features/materiales/services/materiales-actions'
   7 | import { getMarcas } from '@/features/configuracion/services/marcas-actions'
>  8 | import { getTipoServicioAtributos, getServiciosEjecutores } from '@/features/servicios/services/servicios-actions'
     | ^^^^^^^^^^^^^^^^^^^^^^^^^^^^^^^^^^^^^^^^^^^^^^^^^^^^^^^^^^^^^^^^^^^^^^^^^^^^^^^^^^^^^^^^^^^^^^^^^^^^^^^^^^^^^^^^^^
   9 | import { ProductosPanel } from '@/features/productos/components/productos-panel'
  10 | import { MaterialesPanel } from '@/features/materiales/components/materiales-panel'
  11 | import { ProductosTabs } from '@/features/productos/components/productos-tabs'

The export getTipoServicioAtributos was not found in module [project]/src/features/servicios/services/servicios-actions.ts [app-rsc] (ecmascript).
Did you mean to import getServiciosOperativos?
All exports of the module are statically known (It doesn't have dynamic exports). So it's known statically that the requested export doesn't exist. @ http://localhost:3000/_next/static/chunks/node_modules_next_dist_f3530cac._.js:3127
[ 2216217ms] [LOG] [Fast Refresh] rebuilding @ http://localhost:3000/_next/static/chunks/node_modules_next_dist_f3530cac._.js:2297
[ 2216347ms] [ERROR] ./src/app/(main)/productos/page.tsx:8:1
Export getTipoServicioAtributos doesn't exist in target module
   6 | import { getMateriales } from '@/features/materiales/services/materiales-actions'
   7 | import { getMarcas } from '@/features/configuracion/services/marcas-actions'
>  8 | import { getTipoServicioAtributos, getServiciosEjecutores } from '@/features/servicios/services/servicios-actions'
     | ^^^^^^^^^^^^^^^^^^^^^^^^^^^^^^^^^^^^^^^^^^^^^^^^^^^^^^^^^^^^^^^^^^^^^^^^^^^^^^^^^^^^^^^^^^^^^^^^^^^^^^^^^^^^^^^^^^
   9 | import { ProductosPanel } from '@/features/productos/components/productos-panel'
  10 | import { MaterialesPanel } from '@/features/materiales/components/materiales-panel'
  11 | import { ProductosTabs } from '@/features/productos/components/productos-tabs'

The export getTipoServicioAtributos was not found in module [project]/src/features/servicios/services/servicios-actions.ts [app-rsc] (ecmascript).
Did you mean to import getServiciosOperativos?
All exports of the module are statically known (It doesn't have dynamic exports). So it's known statically that the requested export doesn't exist. @ http://localhost:3000/_next/static/chunks/node_modules_next_dist_f3530cac._.js:3127
[ 2225890ms] [LOG] [Fast Refresh] rebuilding @ http://localhost:3000/_next/static/chunks/node_modules_next_dist_f3530cac._.js:2297
[ 2225937ms] [ERROR] ./src/app/(main)/productos/page.tsx:8:1
Export getTipoServicioAtributos doesn't exist in target module
   6 | import { getMateriales } from '@/features/materiales/services/materiales-actions'
   7 | import { getMarcas } from '@/features/configuracion/services/marcas-actions'
>  8 | import { getTipoServicioAtributos, getServiciosEjecutores } from '@/features/servicios/services/servicios-actions'
     | ^^^^^^^^^^^^^^^^^^^^^^^^^^^^^^^^^^^^^^^^^^^^^^^^^^^^^^^^^^^^^^^^^^^^^^^^^^^^^^^^^^^^^^^^^^^^^^^^^^^^^^^^^^^^^^^^^^
   9 | import { ProductosPanel } from '@/features/productos/components/productos-panel'
  10 | import { MaterialesPanel } from '@/features/materiales/components/materiales-panel'
  11 | import { ProductosTabs } from '@/features/productos/components/productos-tabs'

The export getTipoServicioAtributos was not found in module [project]/src/features/servicios/services/servicios-actions.ts [app-rsc] (ecmascript).
Did you mean to import getServiciosOperativos?
All exports of the module are statically known (It doesn't have dynamic exports). So it's known statically that the requested export doesn't exist. @ http://localhost:3000/_next/static/chunks/node_modules_next_dist_f3530cac._.js:3127
[ 2236136ms] [LOG] [Fast Refresh] rebuilding @ http://localhost:3000/_next/static/chunks/node_modules_next_dist_f3530cac._.js:2297
[ 2236226ms] [ERROR] ./src/app/(main)/productos/page.tsx:8:1
Export getTipoServicioAtributos doesn't exist in target module
   6 | import { getMateriales } from '@/features/materiales/services/materiales-actions'
   7 | import { getMarcas } from '@/features/configuracion/services/marcas-actions'
>  8 | import { getTipoServicioAtributos, getServiciosEjecutores } from '@/features/servicios/services/servicios-actions'
     | ^^^^^^^^^^^^^^^^^^^^^^^^^^^^^^^^^^^^^^^^^^^^^^^^^^^^^^^^^^^^^^^^^^^^^^^^^^^^^^^^^^^^^^^^^^^^^^^^^^^^^^^^^^^^^^^^^^
   9 | import { ProductosPanel } from '@/features/productos/components/productos-panel'
  10 | import { MaterialesPanel } from '@/features/materiales/components/materiales-panel'
  11 | import { ProductosTabs } from '@/features/productos/components/productos-tabs'

The export getTipoServicioAtributos was not found in module [project]/src/features/servicios/services/servicios-actions.ts [app-rsc] (ecmascript).
Did you mean to import getServiciosOperativos?
All exports of the module are statically known (It doesn't have dynamic exports). So it's known statically that the requested export doesn't exist. @ http://localhost:3000/_next/static/chunks/node_modules_next_dist_f3530cac._.js:3127
[ 2245834ms] [LOG] [Fast Refresh] rebuilding @ http://localhost:3000/_next/static/chunks/node_modules_next_dist_f3530cac._.js:2297
[ 2245956ms] [ERROR] ./src/app/(main)/productos/page.tsx:8:1
Export getTipoServicioAtributos doesn't exist in target module
   6 | import { getMateriales } from '@/features/materiales/services/materiales-actions'
   7 | import { getMarcas } from '@/features/configuracion/services/marcas-actions'
>  8 | import { getTipoServicioAtributos, getServiciosEjecutores } from '@/features/servicios/services/servicios-actions'
     | ^^^^^^^^^^^^^^^^^^^^^^^^^^^^^^^^^^^^^^^^^^^^^^^^^^^^^^^^^^^^^^^^^^^^^^^^^^^^^^^^^^^^^^^^^^^^^^^^^^^^^^^^^^^^^^^^^^
   9 | import { ProductosPanel } from '@/features/productos/components/productos-panel'
  10 | import { MaterialesPanel } from '@/features/materiales/components/materiales-panel'
  11 | import { ProductosTabs } from '@/features/productos/components/productos-tabs'

The export getTipoServicioAtributos was not found in module [project]/src/features/servicios/services/servicios-actions.ts [app-rsc] (ecmascript).
Did you mean to import getServiciosOperativos?
All exports of the module are statically known (It doesn't have dynamic exports). So it's known statically that the requested export doesn't exist. @ http://localhost:3000/_next/static/chunks/node_modules_next_dist_f3530cac._.js:3127
[ 2260904ms] [LOG] [Fast Refresh] rebuilding @ http://localhost:3000/_next/static/chunks/node_modules_next_dist_f3530cac._.js:2297
[ 2260997ms] [ERROR] ./src/app/(main)/productos/page.tsx:9:10
Ecmascript file had an error
   7 | import { getMarcas } from '@/features/configuracion/services/marcas-actions'
   8 | import { getTipoServicioAtributos } from '@/features/servicios/services/atributo-servicio-actions'
>  9 | import { getServiciosOperativos, getServiciosEjecutores } from '@/features/servicios/services/servicios-actions'
     |          ^^^^^^^^^^^^^^^^^^^^^^
  10 | import { ProductosPanel } from '@/features/productos/components/productos-panel'
  11 | import { MaterialesPanel } from '@/features/materiales/components/materiales-panel'
  12 | import { ProductosTabs } from '@/features/productos/components/productos-tabs'

the name `getServiciosOperativos` is defined multiple times @ http://localhost:3000/_next/static/chunks/node_modules_next_dist_f3530cac._.js:3127
[ 2267813ms] [LOG] [Fast Refresh] rebuilding @ http://localhost:3000/_next/static/chunks/node_modules_next_dist_f3530cac._.js:2297
[ 2267957ms] [LOG] [Fast Refresh] done in 177ms @ http://localhost:3000/_next/static/chunks/node_modules_next_dist_f3530cac._.js:2297
[ 2269508ms] [LOG] [Fast Refresh] rebuilding @ http://localhost:3000/_next/static/chunks/node_modules_next_dist_f3530cac._.js:2297
[ 2269640ms] [LOG] [Fast Refresh] done in 234ms @ http://localhost:3000/_next/static/chunks/node_modules_next_dist_f3530cac._.js:2297
[ 2269974ms] [LOG] [Fast Refresh] rebuilding @ http://localhost:3000/_next/static/chunks/node_modules_next_dist_f3530cac._.js:2297
[ 2270012ms] [LOG] [Fast Refresh] done in 138ms @ http://localhost:3000/_next/static/chunks/node_modules_next_dist_f3530cac._.js:2297
[ 2273027ms] [LOG] [Fast Refresh] rebuilding @ http://localhost:3000/_next/static/chunks/node_modules_next_dist_f3530cac._.js:2297
[ 2273057ms] [LOG] [Fast Refresh] done in 82ms @ http://localhost:3000/_next/static/chunks/node_modules_next_dist_f3530cac._.js:2297
